2018-04-23 06:25:40:159 - info: [Appium] Welcome to Appium v1.7.2
2018-04-23 06:25:40:160 - info: [Appium] Non-default server args:
2018-04-23 06:25:40:161 - info: [Appium]   address: 127.0.0.1
2018-04-23 06:25:40:161 - info: [Appium]   log: C:\Users\DELL\eclipse-workspace\AutomationFramework\Appium.log
2018-04-23 06:25:40:173 - info: [Appium] Appium REST http interface listener started on 127.0.0.1:4723
2018-04-23 06:25:40:303 - info: [HTTP] --> GET /wd/hub/status {}
2018-04-23 06:25:40:304 - info: [debug] [MJSONWP] Calling AppiumDriver.getStatus() with args: []
2018-04-23 06:25:40:307 - info: [debug] [MJSONWP] Responding to client with driver.getStatus() result: {"build":{"version":"1.7.2","revision":null}}
2018-04-23 06:25:40:310 - info: [HTTP] <-- GET /wd/hub/status 200 6 ms - 72 
2018-04-23 06:25:41:243 - info: [HTTP] --> POST /wd/hub/session {"desiredCapabilities":{"appActivity":"com.fluke.deviceApp.LoginActivity","appPackage":"com.fluke.deviceApp","deviceName":"android","platformName":"Android"},"capabilities":{"desiredCapabilities":{"appActivity":"com.fluke.deviceApp.LoginActivity","appPackage":"com.fluke.deviceApp","deviceName":"android","platformName":"Android"},"firstMatch":[{"platformName":"android"}]}}
2018-04-23 06:25:41:244 - info: [debug] [MJSONWP] Calling AppiumDriver.createSession() with args: [{"appActivity":"com.fluke.deviceApp.LoginActivity","appPackage":"com.fluke.deviceApp","deviceName":"android","platformName":"Android"},null,{"desiredCapabilities":{"appActivity":"com.fluke.deviceApp.LoginActivity","appPackage":"com.fluke.deviceApp","deviceName":"android","platformName":"Android"},"firstMatch":[{"platformName":"android"}]}]
2018-04-23 06:25:41:244 - info: [debug] [BaseDriver] Event 'newSessionRequested' logged at 1524464741244 (11:55:41 GMT+0530 (India Standard Time))
2018-04-23 06:25:41:245 - info: [Appium] Merged W3C capabilities {"desiredCapabilities":{"appActivity":"com.fluk... into desiredCapabilities object {"appActivity":"com.fluke.deviceApp.LoginActivi...
2018-04-23 06:25:41:247 - info: [Appium] Creating new AndroidDriver (v1.37.0) session
2018-04-23 06:25:41:247 - info: [Appium] Capabilities:
2018-04-23 06:25:41:247 - info: [Appium]   appActivity: com.fluke.deviceApp.LoginActivity
2018-04-23 06:25:41:247 - info: [Appium]   appPackage: com.fluke.deviceApp
2018-04-23 06:25:41:248 - info: [Appium]   deviceName: android
2018-04-23 06:25:41:248 - info: [Appium]   platformName: android
2018-04-23 06:25:41:253 - info: [BaseDriver] Session created with session id: b1840bcc-7089-438e-b5a6-73d77847ff12
2018-04-23 06:25:41:254 - info: [debug] [AndroidDriver] Getting Java version
2018-04-23 06:25:41:379 - info: [AndroidDriver] Java version is: 1.8.0_161
2018-04-23 06:25:41:380 - info: [ADB] Checking whether adb is present
2018-04-23 06:25:41:383 - info: [ADB] Using adb.exe from C:\Users\DELL\AppData\Local\Android\Sdk\platform-tools\adb.exe
2018-04-23 06:25:41:383 - info: [AndroidDriver] Retrieving device list
2018-04-23 06:25:41:383 - info: [debug] [ADB] Trying to find a connected android device
2018-04-23 06:25:41:384 - info: [debug] [ADB] Getting connected devices...
2018-04-23 06:25:41:402 - info: [debug] [ADB] 1 device(s) connected
2018-04-23 06:25:41:403 - info: [AndroidDriver] Using device: 31caa5790503
2018-04-23 06:25:41:403 - info: [ADB] Checking whether adb is present
2018-04-23 06:25:41:403 - info: [debug] [ADB] Setting device id to 31caa5790503
2018-04-23 06:25:41:404 - info: [AndroidDriver] App file was not listed, instead we're going to run com.fluke.deviceApp directly on the device
2018-04-23 06:25:41:404 - info: [debug] [AndroidDriver] Checking whether package is present on the device
2018-04-23 06:25:41:404 - info: [debug] [ADB] Getting connected devices...
2018-04-23 06:25:41:422 - info: [debug] [ADB] 1 device(s) connected
2018-04-23 06:25:41:424 - info: [debug] [ADB] Running 'C:\Users\DELL\AppData\Local\Android\Sdk\platform-tools\adb.exe' with args: ["-P",5037,"-s","31caa5790503","shell","pm","list","packages","com.fluke.deviceApp"]
2018-04-23 06:25:43:995 - info: [AndroidDriver] Starting Android session
2018-04-23 06:25:43:996 - info: [debug] [ADB] Running 'C:\Users\DELL\AppData\Local\Android\Sdk\platform-tools\adb.exe' with args: ["-P",5037,"-s","31caa5790503","wait-for-device"]
2018-04-23 06:25:44:015 - info: [debug] [ADB] Getting connected devices...
2018-04-23 06:25:44:032 - info: [debug] [ADB] 1 device(s) connected
2018-04-23 06:25:44:032 - info: [debug] [ADB] Running 'C:\Users\DELL\AppData\Local\Android\Sdk\platform-tools\adb.exe' with args: ["-P",5037,"-s","31caa5790503","shell","echo","ping"]
2018-04-23 06:25:44:861 - warn: [AndroidDriver] setDeviceLanguageCountry requires language or country.
2018-04-23 06:25:44:861 - warn: [AndroidDriver] Got language: 'null' and country: 'null'
2018-04-23 06:25:44:863 - info: [debug] [Logcat] Starting logcat capture
2018-04-23 06:25:46:877 - info: [debug] [AndroidDriver] Pushing settings apk to device...
2018-04-23 06:25:46:878 - info: [debug] [ADB] Getting install status for io.appium.settings
2018-04-23 06:25:46:878 - info: [debug] [ADB] Getting connected devices...
2018-04-23 06:25:46:900 - info: [debug] [ADB] 1 device(s) connected
2018-04-23 06:25:46:900 - info: [debug] [ADB] Running 'C:\Users\DELL\AppData\Local\Android\Sdk\platform-tools\adb.exe' with args: ["-P",5037,"-s","31caa5790503","shell","pm","list","packages","io.appium.settings"]
2018-04-23 06:25:48:546 - info: [debug] [ADB] App is installed
2018-04-23 06:25:48:547 - info: [debug] [ADB] Getting package info for io.appium.settings
2018-04-23 06:25:48:547 - info: [debug] [ADB] Getting connected devices...
2018-04-23 06:25:48:564 - info: [debug] [ADB] 1 device(s) connected
2018-04-23 06:25:48:564 - info: [debug] [ADB] Running 'C:\Users\DELL\AppData\Local\Android\Sdk\platform-tools\adb.exe' with args: ["-P",5037,"-s","31caa5790503","shell","dumpsys","package","io.appium.settings"]
2018-04-23 06:25:48:983 - info: [ADB] Checking whether aapt is present
2018-04-23 06:25:48:985 - info: [ADB] Using aapt.exe from C:\Users\DELL\AppData\Local\Android\Sdk\build-tools\27.0.3\aapt.exe
2018-04-23 06:25:49:214 - info: [debug] [ADB] The installed 'io.appium.settings' package does not require upgrade (5 >= 5)
2018-04-23 06:25:49:215 - info: [debug] [ADB] Getting connected devices...
2018-04-23 06:25:49:233 - info: [debug] [ADB] 1 device(s) connected
2018-04-23 06:25:49:233 - info: [debug] [ADB] Running 'C:\Users\DELL\AppData\Local\Android\Sdk\platform-tools\adb.exe' with args: ["-P",5037,"-s","31caa5790503","shell","getprop","ro.build.version.sdk"]
2018-04-23 06:25:50:873 - info: [debug] [ADB] Current device property 'ro.build.version.sdk': 24
2018-04-23 06:25:50:873 - info: [debug] [ADB] Device API level: 24
2018-04-23 06:25:50:873 - info: [debug] [ADB] Getting connected devices...
2018-04-23 06:25:50:890 - info: [debug] [ADB] 1 device(s) connected
2018-04-23 06:25:50:891 - info: [debug] [ADB] Running 'C:\Users\DELL\AppData\Local\Android\Sdk\platform-tools\adb.exe' with args: ["-P",5037,"-s","31caa5790503","shell","dumpsys","package","io.appium.settings"]
2018-04-23 06:25:51:891 - info: [debug] [ADB] Getting connected devices...
2018-04-23 06:25:51:910 - info: [debug] [ADB] 1 device(s) connected
2018-04-23 06:25:51:910 - info: [debug] [ADB] Running 'C:\Users\DELL\AppData\Local\Android\Sdk\platform-tools\adb.exe' with args: ["-P",5037,"-s","31caa5790503","shell","pm","dump","io.appium.settings"]
2018-04-23 06:25:57:284 - info: [debug] [ADB] Got the following command chunks to execute: pm,grant,io.appium.settings,android.permission.WRITE_SETTINGS,;,pm,grant,io.appium.settings,android.permission.ACCESS_MOCK_LOCATION,;
2018-04-23 06:25:57:285 - info: [debug] [ADB] Getting connected devices...
2018-04-23 06:25:57:301 - info: [debug] [ADB] 1 device(s) connected
2018-04-23 06:25:57:302 - info: [debug] [ADB] Running 'C:\Users\DELL\AppData\Local\Android\Sdk\platform-tools\adb.exe' with args: ["-P",5037,"-s","31caa5790503","shell","pm","grant","io.appium.settings","android.permission.WRITE_SETTINGS",";","pm","grant","io.appium.settings","android.permission.ACCESS_MOCK_LOCATION",";"]
2018-04-23 06:25:59:522 - info: [debug] [ADB] Running 'C:\Users\DELL\AppData\Local\Android\Sdk\platform-tools\adb.exe' with args: ["-P",5037,"-s","31caa5790503","shell","pm","grant","io.appium.settings","android.permission.WRITE_SETTINGS",";","pm","grant","io.appium.settings","android.permission.ACCESS_MOCK_LOCATION",";"]
2018-04-23 06:26:01:117 - info: [debug] [ADB] Getting connected devices...
2018-04-23 06:26:01:135 - info: [debug] [ADB] 1 device(s) connected
2018-04-23 06:26:01:135 - info: [debug] [ADB] Running 'C:\Users\DELL\AppData\Local\Android\Sdk\platform-tools\adb.exe' with args: ["-P",5037,"-s","31caa5790503","shell","ps"]
2018-04-23 06:26:01:945 - info: [debug] [ADB] Device API level: 24
2018-04-23 06:26:01:946 - info: [debug] [ADB] Getting connected devices...
2018-04-23 06:26:01:961 - info: [debug] [ADB] 1 device(s) connected
2018-04-23 06:26:01:962 - info: [debug] [ADB] Running 'C:\Users\DELL\AppData\Local\Android\Sdk\platform-tools\adb.exe' with args: ["-P",5037,"-s","31caa5790503","shell","am","start","-W","-n","io.appium.settings/.Settings","-a","android.intent.action.MAIN","-c","android.intent.category.LAUNCHER","-f","0x10200000"]
2018-04-23 06:26:03:997 - info: [debug] [ADB] Device API level: 24
2018-04-23 06:26:03:997 - info: [debug] [ADB] Getting connected devices...
2018-04-23 06:26:04:014 - info: [debug] [ADB] 1 device(s) connected
2018-04-23 06:26:04:014 - info: [debug] [ADB] Running 'C:\Users\DELL\AppData\Local\Android\Sdk\platform-tools\adb.exe' with args: ["-P",5037,"-s","31caa5790503","shell","appops","set","io.appium.settings","android:mock_location","allow"]
2018-04-23 06:26:05:890 - info: [debug] [AndroidDriver] Pushing unlock helper app to device...
2018-04-23 06:26:05:890 - info: [debug] [ADB] Getting install status for io.appium.unlock
2018-04-23 06:26:05:890 - info: [debug] [ADB] Getting connected devices...
2018-04-23 06:26:05:907 - info: [debug] [ADB] 1 device(s) connected
2018-04-23 06:26:05:907 - info: [debug] [ADB] Running 'C:\Users\DELL\AppData\Local\Android\Sdk\platform-tools\adb.exe' with args: ["-P",5037,"-s","31caa5790503","shell","pm","list","packages","io.appium.unlock"]
2018-04-23 06:26:06:983 - info: [debug] [ADB] App is installed
2018-04-23 06:26:06:984 - info: [debug] [ADB] Getting package info for io.appium.unlock
2018-04-23 06:26:06:984 - info: [debug] [ADB] Getting connected devices...
2018-04-23 06:26:07:001 - info: [debug] [ADB] 1 device(s) connected
2018-04-23 06:26:07:001 - info: [debug] [ADB] Running 'C:\Users\DELL\AppData\Local\Android\Sdk\platform-tools\adb.exe' with args: ["-P",5037,"-s","31caa5790503","shell","dumpsys","package","io.appium.unlock"]
2018-04-23 06:26:08:401 - info: [ADB] Checking whether aapt is present
2018-04-23 06:26:08:418 - info: [debug] [ADB] The installed 'io.appium.unlock' package does not require upgrade (2 >= 2)
2018-04-23 06:26:08:418 - info: [ADB] Getting device platform version
2018-04-23 06:26:08:419 - info: [debug] [ADB] Getting connected devices...
2018-04-23 06:26:08:435 - info: [debug] [ADB] 1 device(s) connected
2018-04-23 06:26:08:435 - info: [debug] [ADB] Running 'C:\Users\DELL\AppData\Local\Android\Sdk\platform-tools\adb.exe' with args: ["-P",5037,"-s","31caa5790503","shell","getprop","ro.build.version.release"]
2018-04-23 06:26:09:861 - info: [debug] [ADB] Current device property 'ro.build.version.release': 7.0
2018-04-23 06:26:09:862 - info: [debug] [ADB] Getting connected devices...
2018-04-23 06:26:09:880 - info: [debug] [ADB] 1 device(s) connected
2018-04-23 06:26:09:880 - info: [debug] [ADB] Running 'C:\Users\DELL\AppData\Local\Android\Sdk\platform-tools\adb.exe' with args: ["-P",5037,"-s","31caa5790503","shell","wm","size"]
2018-04-23 06:26:11:517 - info: [debug] [ADB] Getting connected devices...
2018-04-23 06:26:11:535 - info: [debug] [ADB] 1 device(s) connected
2018-04-23 06:26:11:535 - info: [debug] [ADB] Running 'C:\Users\DELL\AppData\Local\Android\Sdk\platform-tools\adb.exe' with args: ["-P",5037,"-s","31caa5790503","shell","getprop","ro.product.model"]
2018-04-23 06:26:12:872 - info: [debug] [ADB] Current device property 'ro.product.model': Redmi Note 4
2018-04-23 06:26:12:874 - info: [debug] [ADB] Getting connected devices...
2018-04-23 06:26:12:897 - info: [debug] [ADB] 1 device(s) connected
2018-04-23 06:26:12:898 - info: [debug] [ADB] Running 'C:\Users\DELL\AppData\Local\Android\Sdk\platform-tools\adb.exe' with args: ["-P",5037,"-s","31caa5790503","shell","getprop","ro.product.manufacturer"]
2018-04-23 06:26:14:863 - info: [debug] [ADB] Current device property 'ro.product.manufacturer': Xiaomi
2018-04-23 06:26:14:863 - warn: [AndroidDriver] No app sent in, not parsing package/activity
2018-04-23 06:26:14:864 - info: [debug] [AndroidDriver] No app capability. Assuming it is already on the device
2018-04-23 06:26:14:864 - info: [debug] [AndroidDriver] Running fast reset (stop and clear)
2018-04-23 06:26:14:864 - info: [debug] [ADB] Getting connected devices...
2018-04-23 06:26:14:881 - info: [debug] [ADB] 1 device(s) connected
2018-04-23 06:26:14:882 - info: [debug] [ADB] Running 'C:\Users\DELL\AppData\Local\Android\Sdk\platform-tools\adb.exe' with args: ["-P",5037,"-s","31caa5790503","shell","am","force-stop","com.fluke.deviceApp"]
2018-04-23 06:26:16:821 - info: [debug] [ADB] Getting connected devices...
2018-04-23 06:26:16:862 - info: [debug] [ADB] 1 device(s) connected
2018-04-23 06:26:16:862 - info: [debug] [ADB] Running 'C:\Users\DELL\AppData\Local\Android\Sdk\platform-tools\adb.exe' with args: ["-P",5037,"-s","31caa5790503","shell","pm","clear","com.fluke.deviceApp"]
2018-04-23 06:26:19:947 - info: [debug] [AndroidBootstrap] Watching for bootstrap disconnect
2018-04-23 06:26:19:948 - info: [debug] [ADB] Forwarding system: 4724 to device: 4724
2018-04-23 06:26:19:948 - info: [debug] [ADB] Running 'C:\Users\DELL\AppData\Local\Android\Sdk\platform-tools\adb.exe' with args: ["-P",5037,"-s","31caa5790503","forward","tcp:4724","tcp:4724"]
2018-04-23 06:26:19:950 - info: [debug] [UiAutomator] Starting UiAutomator
2018-04-23 06:26:19:950 - info: [debug] [UiAutomator] Moving to state 'starting'
2018-04-23 06:26:19:951 - info: [debug] [UiAutomator] Parsing uiautomator jar
2018-04-23 06:26:19:951 - info: [debug] [UiAutomator] Found jar name: 'AppiumBootstrap.jar'
2018-04-23 06:26:19:951 - info: [debug] [ADB] Running 'C:\Users\DELL\AppData\Local\Android\Sdk\platform-tools\adb.exe' with args: ["-P",5037,"-s","31caa5790503","push","C:\\Users\\DELL\\AppData\\Local\\Programs\\appium-desktop\\resources\\app\\node_modules\\appium\\node_modules\\appium-android-bootstrap\\bootstrap\\bin\\AppiumBootstrap.jar","/data/local/tmp/"]
2018-04-23 06:26:22:877 - info: [debug] [ADB] Attempting to kill all uiautomator processes
2018-04-23 06:26:22:878 - info: [debug] [ADB] Getting all processes with uiautomator
2018-04-23 06:26:22:878 - info: [debug] [ADB] Getting connected devices...
2018-04-23 06:26:22:896 - info: [debug] [ADB] 1 device(s) connected
2018-04-23 06:26:22:896 - info: [debug] [ADB] Running 'C:\Users\DELL\AppData\Local\Android\Sdk\platform-tools\adb.exe' with args: ["-P",5037,"-s","31caa5790503","shell","ps"]
2018-04-23 06:26:26:933 - info: [ADB] No uiautomator process found to kill, continuing...
2018-04-23 06:26:26:934 - info: [debug] [UiAutomator] Starting UIAutomator
2018-04-23 06:26:26:934 - info: [debug] [ADB] Creating ADB subprocess with args: ["-P",5037,"-s","31caa5790503","shell","uiautomator","runtest","AppiumBootstrap.jar","-c","io.appium.android.bootstrap.Bootstrap","-e","pkg","com.fluke.deviceApp","-e","disableAndroidWatchers",false,"-e","acceptSslCerts",false]
2018-04-23 06:26:29:313 - info: [debug] [UiAutomator] Moving to state 'online'
2018-04-23 06:26:29:322 - info: [debug] [AndroidBootstrap] [BOOTSTRAP LOG] [debug] json loading complete.
2018-04-23 06:26:29:323 - info: [debug] [AndroidBootstrap] [BOOTSTRAP LOG] [debug] Registered crash watchers.
2018-04-23 06:26:29:326 - info: [AndroidBootstrap] Android bootstrap socket is now connected
2018-04-23 06:26:29:326 - info: [debug] [ADB] Getting connected devices...
2018-04-23 06:26:29:343 - info: [debug] [ADB] 1 device(s) connected
2018-04-23 06:26:29:343 - info: [debug] [ADB] Running 'C:\Users\DELL\AppData\Local\Android\Sdk\platform-tools\adb.exe' with args: ["-P",5037,"-s","31caa5790503","shell","dumpsys","window"]
2018-04-23 06:26:30:824 - info: [debug] [AndroidBootstrap] [BOOTSTRAP LOG] [debug] Client connected
2018-04-23 06:26:30:891 - info: [AndroidDriver] Screen already unlocked, doing nothing
2018-04-23 06:26:30:892 - info: [debug] [ADB] Device API level: 24
2018-04-23 06:26:30:893 - info: [debug] [ADB] Getting connected devices...
2018-04-23 06:26:30:911 - info: [debug] [ADB] 1 device(s) connected
2018-04-23 06:26:30:911 - info: [debug] [ADB] Running 'C:\Users\DELL\AppData\Local\Android\Sdk\platform-tools\adb.exe' with args: ["-P",5037,"-s","31caa5790503","shell","am","start","-W","-n","com.fluke.deviceApp/com.fluke.deviceApp.LoginActivity","-S","-a","android.intent.action.MAIN","-c","android.intent.category.LAUNCHER","-f","0x10200000"]
2018-04-23 06:26:34:303 - info: [Appium] New AndroidDriver session created successfully, session b1840bcc-7089-438e-b5a6-73d77847ff12 added to master session list
2018-04-23 06:26:34:304 - info: [debug] [BaseDriver] Event 'newSessionStarted' logged at 1524464794304 (11:56:34 GMT+0530 (India Standard Time))
2018-04-23 06:26:34:305 - info: [debug] [MJSONWP] Responding to client with driver.createSession() result: {"platform":"LINUX","webStorageEnabled":false,"takesScreenshot":true,"javascriptEnabled":true,"databaseEnabled":false,"networkConnectionEnabled":true,"locationContextEnabled":false,"warnings":{},"desired":{"appActivity":"com.fluke.deviceApp.LoginActivity","appPackage":"com.fluke.deviceApp","deviceName":"android","platformName":"android"},"appActivity":"com.fluke.deviceApp.LoginActivity","appPackage":"com.fluke.deviceApp","deviceName":"31caa5790503","platformName":"android","deviceUDID":"31caa5790503","platformVersion":"7.0","deviceScreenSize":"1080x1920","deviceModel":"Redmi Note 4","deviceManufacturer":"Xiaomi"}
2018-04-23 06:26:34:305 - info: [HTTP] <-- POST /wd/hub/session 200 53061 ms - 692 
2018-04-23 06:26:34:385 - info: [HTTP] --> POST /wd/hub/session/b1840bcc-7089-438e-b5a6-73d77847ff12/timeouts {"type":"implicit","ms":20000}
2018-04-23 06:26:34:386 - info: [debug] [MJSONWP] Calling AppiumDriver.timeouts() with args: ["implicit",20000,"b1840bcc-7089-438e-b5a6-73d77847ff12"]
2018-04-23 06:26:34:387 - info: [debug] [BaseDriver] Set implicit wait to 20000ms
2018-04-23 06:26:34:390 - info: [debug] [MJSONWP] Responding to client with driver.timeouts() result: null
2018-04-23 06:26:34:390 - info: [HTTP] <-- POST /wd/hub/session/b1840bcc-7089-438e-b5a6-73d77847ff12/timeouts 200 5 ms - 76 
2018-04-23 06:26:34:397 - info: [HTTP] --> POST /wd/hub/session/b1840bcc-7089-438e-b5a6-73d77847ff12/element {"using":"id","value":"com.fluke.deviceApp:id/login_name"}
2018-04-23 06:26:34:397 - info: [debug] [MJSONWP] Calling AppiumDriver.findElement() with args: ["id","com.fluke.deviceApp:id/login_name","b1840bcc-7089-438e-b5a6-73d77847ff12"]
2018-04-23 06:26:34:398 - info: [debug] [BaseDriver] Valid locator strategies for this request: xpath, id, class name, accessibility id, -android uiautomator
2018-04-23 06:26:34:399 - info: [debug] [BaseDriver] Valid locator strategies for this request: xpath, id, class name, accessibility id, -android uiautomator
2018-04-23 06:26:34:399 - info: [debug] [BaseDriver] Waiting up to 20000 ms for condition
2018-04-23 06:26:34:400 - info: [debug] [AndroidBootstrap] Sending command to android: {"cmd":"action","action":"find","params":{"strategy":"id","selector":"com.fluke.deviceApp:id/login_name","context":"","multiple":false}}
2018-04-23 06:26:34:820 - info: [debug] [AndroidBootstrap] [BOOTSTRAP LOG] [debug] Got data from client: {"cmd":"action","action":"find","params":{"strategy":"id","selector":"com.fluke.deviceApp:id/login_name","context":"","multiple":false}}
2018-04-23 06:26:34:824 - info: [debug] [AndroidBootstrap] [BOOTSTRAP LOG] [debug] Got command of type ACTION
2018-04-23 06:26:34:824 - info: [debug] [AndroidBootstrap] [BOOTSTRAP LOG] [debug] Got command action: find
2018-04-23 06:26:34:829 - info: [debug] [AndroidBootstrap] [BOOTSTRAP LOG] [debug] Finding 'com.fluke.deviceApp:id/login_name' using 'ID' with the contextId: '' multiple: false
2018-04-23 06:26:34:837 - info: [debug] [AndroidBootstrap] [BOOTSTRAP LOG] [debug] Using: UiSelector[INSTANCE=0, RESOURCE_ID=com.fluke.deviceApp:id/login_name]
2018-04-23 06:26:34:852 - info: [debug] [AndroidBootstrap] [BOOTSTRAP LOG] [debug] Failed to locate element. Clearing Accessibility cache and retrying.
2018-04-23 06:26:34:856 - info: [debug] [AndroidBootstrap] [BOOTSTRAP LOG] [debug] Finding 'com.fluke.deviceApp:id/login_name' using 'ID' with the contextId: '' multiple: false
2018-04-23 06:26:34:856 - info: [debug] [AndroidBootstrap] [BOOTSTRAP LOG] [debug] Using: UiSelector[INSTANCE=0, RESOURCE_ID=com.fluke.deviceApp:id/login_name]
2018-04-23 06:26:34:872 - info: [debug] [AndroidBootstrap] [BOOTSTRAP LOG] [debug] Returning result: {"status":7,"value":"No element found"}
2018-04-23 06:26:34:872 - info: [debug] [AndroidBootstrap] Received command result from bootstrap
2018-04-23 06:26:34:873 - info: [debug] [BaseDriver] Waited for 474 ms so far
2018-04-23 06:26:35:376 - info: [debug] [AndroidBootstrap] Sending command to android: {"cmd":"action","action":"find","params":{"strategy":"id","selector":"com.fluke.deviceApp:id/login_name","context":"","multiple":false}}
2018-04-23 06:26:38:821 - info: [debug] [AndroidBootstrap] [BOOTSTRAP LOG] [debug] Got data from client: {"cmd":"action","action":"find","params":{"strategy":"id","selector":"com.fluke.deviceApp:id/login_name","context":"","multiple":false}}
2018-04-23 06:26:38:821 - info: [debug] [AndroidBootstrap] [BOOTSTRAP LOG] [debug] Got command of type ACTION
2018-04-23 06:26:38:821 - info: [debug] [AndroidBootstrap] [BOOTSTRAP LOG] [debug] Got command action: find
2018-04-23 06:26:38:821 - info: [debug] [AndroidBootstrap] [BOOTSTRAP LOG] [debug] Finding 'com.fluke.deviceApp:id/login_name' using 'ID' with the contextId: '' multiple: false
2018-04-23 06:26:38:830 - info: [debug] [AndroidBootstrap] [BOOTSTRAP LOG] [debug] Using: UiSelector[INSTANCE=0, RESOURCE_ID=com.fluke.deviceApp:id/login_name]
2018-04-23 06:26:38:833 - info: [debug] [AndroidBootstrap] [BOOTSTRAP LOG] [debug] Failed to locate element. Clearing Accessibility cache and retrying.
2018-04-23 06:26:38:835 - info: [debug] [AndroidBootstrap] [BOOTSTRAP LOG] [debug] Finding 'com.fluke.deviceApp:id/login_name' using 'ID' with the contextId: '' multiple: false
2018-04-23 06:26:38:843 - info: [debug] [AndroidBootstrap] [BOOTSTRAP LOG] [debug] Using: UiSelector[INSTANCE=0, RESOURCE_ID=com.fluke.deviceApp:id/login_name]
2018-04-23 06:26:38:844 - info: [debug] [AndroidBootstrap] Received command result from bootstrap
2018-04-23 06:26:38:845 - info: [debug] [BaseDriver] Waited for 4446 ms so far
2018-04-23 06:26:38:845 - info: [debug] [AndroidBootstrap] [BOOTSTRAP LOG] [debug] Returning result: {"status":7,"value":"No element found"}
2018-04-23 06:26:39:346 - info: [debug] [AndroidBootstrap] Sending command to android: {"cmd":"action","action":"find","params":{"strategy":"id","selector":"com.fluke.deviceApp:id/login_name","context":"","multiple":false}}
2018-04-23 06:26:41:021 - info: [debug] [AndroidBootstrap] [BOOTSTRAP LOG] [debug] Got data from client: {"cmd":"action","action":"find","params":{"strategy":"id","selector":"com.fluke.deviceApp:id/login_name","context":"","multiple":false}}
2018-04-23 06:26:41:028 - info: [debug] [AndroidBootstrap] [BOOTSTRAP LOG] [debug] Got command of type ACTION
2018-04-23 06:26:41:029 - info: [debug] [AndroidBootstrap] [BOOTSTRAP LOG] [debug] Got command action: find
2018-04-23 06:26:41:029 - info: [debug] [AndroidBootstrap] [BOOTSTRAP LOG] [debug] Finding 'com.fluke.deviceApp:id/login_name' using 'ID' with the contextId: '' multiple: false
2018-04-23 06:26:41:029 - info: [debug] [AndroidBootstrap] [BOOTSTRAP LOG] [debug] Using: UiSelector[INSTANCE=0, RESOURCE_ID=com.fluke.deviceApp:id/login_name]
2018-04-23 06:26:41:034 - info: [debug] [AndroidBootstrap] [BOOTSTRAP LOG] [debug] Failed to locate element. Clearing Accessibility cache and retrying.
2018-04-23 06:26:41:039 - info: [debug] [AndroidBootstrap] [BOOTSTRAP LOG] [debug] Finding 'com.fluke.deviceApp:id/login_name' using 'ID' with the contextId: '' multiple: false
2018-04-23 06:26:41:040 - info: [debug] [AndroidBootstrap] [BOOTSTRAP LOG] [debug] Using: UiSelector[INSTANCE=0, RESOURCE_ID=com.fluke.deviceApp:id/login_name]
2018-04-23 06:26:41:056 - info: [debug] [AndroidBootstrap] [BOOTSTRAP LOG] [debug] Returning result: {"status":7,"value":"No element found"}
2018-04-23 06:26:41:057 - info: [debug] [AndroidBootstrap] Received command result from bootstrap
2018-04-23 06:26:41:058 - info: [debug] [BaseDriver] Waited for 6658 ms so far
2018-04-23 06:26:41:560 - info: [debug] [AndroidBootstrap] Sending command to android: {"cmd":"action","action":"find","params":{"strategy":"id","selector":"com.fluke.deviceApp:id/login_name","context":"","multiple":false}}
2018-04-23 06:26:41:824 - info: [debug] [AndroidBootstrap] [BOOTSTRAP LOG] [debug] Got data from client: {"cmd":"action","action":"find","params":{"strategy":"id","selector":"com.fluke.deviceApp:id/login_name","context":"","multiple":false}}
2018-04-23 06:26:41:826 - info: [debug] [AndroidBootstrap] [BOOTSTRAP LOG] [debug] Got command of type ACTION
2018-04-23 06:26:41:827 - info: [debug] [AndroidBootstrap] [BOOTSTRAP LOG] [debug] Got command action: find
2018-04-23 06:26:41:827 - info: [debug] [AndroidBootstrap] [BOOTSTRAP LOG] [debug] Finding 'com.fluke.deviceApp:id/login_name' using 'ID' with the contextId: '' multiple: false
2018-04-23 06:26:41:829 - info: [debug] [AndroidBootstrap] [BOOTSTRAP LOG] [debug] Using: UiSelector[INSTANCE=0, RESOURCE_ID=com.fluke.deviceApp:id/login_name]
2018-04-23 06:26:41:837 - info: [debug] [AndroidBootstrap] [BOOTSTRAP LOG] [debug] Failed to locate element. Clearing Accessibility cache and retrying.
2018-04-23 06:26:41:843 - info: [debug] [AndroidBootstrap] [BOOTSTRAP LOG] [debug] Finding 'com.fluke.deviceApp:id/login_name' using 'ID' with the contextId: '' multiple: false
2018-04-23 06:26:41:844 - info: [debug] [AndroidBootstrap] [BOOTSTRAP LOG] [debug] Using: UiSelector[INSTANCE=0, RESOURCE_ID=com.fluke.deviceApp:id/login_name]
2018-04-23 06:26:41:982 - info: [debug] [AndroidBootstrap] Received command result from bootstrap
2018-04-23 06:26:41:983 - info: [debug] [BaseDriver] Waited for 7584 ms so far
2018-04-23 06:26:41:984 - info: [debug] [AndroidBootstrap] [BOOTSTRAP LOG] [debug] Returning result: {"status":7,"value":"No element found"}
2018-04-23 06:26:42:484 - info: [debug] [AndroidBootstrap] Sending command to android: {"cmd":"action","action":"find","params":{"strategy":"id","selector":"com.fluke.deviceApp:id/login_name","context":"","multiple":false}}
2018-04-23 06:26:42:832 - info: [debug] [AndroidBootstrap] [BOOTSTRAP LOG] [debug] Got data from client: {"cmd":"action","action":"find","params":{"strategy":"id","selector":"com.fluke.deviceApp:id/login_name","context":"","multiple":false}}
2018-04-23 06:26:42:834 - info: [debug] [AndroidBootstrap] [BOOTSTRAP LOG] [debug] Got command of type ACTION
2018-04-23 06:26:42:834 - info: [debug] [AndroidBootstrap] [BOOTSTRAP LOG] [debug] Got command action: find
2018-04-23 06:26:42:835 - info: [debug] [AndroidBootstrap] [BOOTSTRAP LOG] [debug] Finding 'com.fluke.deviceApp:id/login_name' using 'ID' with the contextId: '' multiple: false
2018-04-23 06:26:42:835 - info: [debug] [AndroidBootstrap] [BOOTSTRAP LOG] [debug] Using: UiSelector[INSTANCE=0, RESOURCE_ID=com.fluke.deviceApp:id/login_name]
2018-04-23 06:26:43:268 - info: [debug] [AndroidBootstrap] [BOOTSTRAP LOG] [debug] Failed to locate element. Clearing Accessibility cache and retrying.
2018-04-23 06:26:43:269 - info: [debug] [AndroidBootstrap] [BOOTSTRAP LOG] [debug] Finding 'com.fluke.deviceApp:id/login_name' using 'ID' with the contextId: '' multiple: false
2018-04-23 06:26:43:270 - info: [debug] [AndroidBootstrap] [BOOTSTRAP LOG] [debug] Using: UiSelector[INSTANCE=0, RESOURCE_ID=com.fluke.deviceApp:id/login_name]
2018-04-23 06:26:43:292 - info: [debug] [AndroidBootstrap] [BOOTSTRAP LOG] [debug] Returning result: {"status":7,"value":"No element found"}
2018-04-23 06:26:43:293 - info: [debug] [AndroidBootstrap] Received command result from bootstrap
2018-04-23 06:26:43:294 - info: [debug] [BaseDriver] Waited for 8895 ms so far
2018-04-23 06:26:43:794 - info: [debug] [AndroidBootstrap] Sending command to android: {"cmd":"action","action":"find","params":{"strategy":"id","selector":"com.fluke.deviceApp:id/login_name","context":"","multiple":false}}
2018-04-23 06:26:46:123 - info: [debug] [AndroidBootstrap] [BOOTSTRAP LOG] [debug] Got data from client: {"cmd":"action","action":"find","params":{"strategy":"id","selector":"com.fluke.deviceApp:id/login_name","context":"","multiple":false}}
2018-04-23 06:26:46:124 - info: [debug] [AndroidBootstrap] [BOOTSTRAP LOG] [debug] Got command of type ACTION
2018-04-23 06:26:46:124 - info: [debug] [AndroidBootstrap] [BOOTSTRAP LOG] [debug] Got command action: find
2018-04-23 06:26:46:124 - info: [debug] [AndroidBootstrap] [BOOTSTRAP LOG] [debug] Finding 'com.fluke.deviceApp:id/login_name' using 'ID' with the contextId: '' multiple: false
2018-04-23 06:26:46:124 - info: [debug] [AndroidBootstrap] [BOOTSTRAP LOG] [debug] Using: UiSelector[INSTANCE=0, RESOURCE_ID=com.fluke.deviceApp:id/login_name]
2018-04-23 06:26:46:807 - info: [debug] [AndroidBootstrap] [BOOTSTRAP LOG] [debug] Failed to locate element. Clearing Accessibility cache and retrying.
2018-04-23 06:26:46:811 - info: [debug] [AndroidBootstrap] [BOOTSTRAP LOG] [debug] Finding 'com.fluke.deviceApp:id/login_name' using 'ID' with the contextId: '' multiple: false
2018-04-23 06:26:46:811 - info: [debug] [AndroidBootstrap] [BOOTSTRAP LOG] [debug] Using: UiSelector[INSTANCE=0, RESOURCE_ID=com.fluke.deviceApp:id/login_name]
2018-04-23 06:26:46:831 - info: [debug] [AndroidBootstrap] Received command result from bootstrap
2018-04-23 06:26:46:831 - info: [debug] [BaseDriver] Waited for 12432 ms so far
2018-04-23 06:26:46:832 - info: [debug] [AndroidBootstrap] [BOOTSTRAP LOG] [debug] Returning result: {"status":7,"value":"No element found"}
2018-04-23 06:26:47:333 - info: [debug] [AndroidBootstrap] Sending command to android: {"cmd":"action","action":"find","params":{"strategy":"id","selector":"com.fluke.deviceApp:id/login_name","context":"","multiple":false}}
2018-04-23 06:26:48:822 - info: [debug] [AndroidBootstrap] [BOOTSTRAP LOG] [debug] Got data from client: {"cmd":"action","action":"find","params":{"strategy":"id","selector":"com.fluke.deviceApp:id/login_name","context":"","multiple":false}}
2018-04-23 06:26:48:823 - info: [debug] [AndroidBootstrap] [BOOTSTRAP LOG] [debug] Got command of type ACTION
2018-04-23 06:26:48:826 - info: [debug] [AndroidBootstrap] [BOOTSTRAP LOG] [debug] Got command action: find
2018-04-23 06:26:48:827 - info: [debug] [AndroidBootstrap] [BOOTSTRAP LOG] [debug] Finding 'com.fluke.deviceApp:id/login_name' using 'ID' with the contextId: '' multiple: false
2018-04-23 06:26:48:827 - info: [debug] [AndroidBootstrap] [BOOTSTRAP LOG] [debug] Using: UiSelector[INSTANCE=0, RESOURCE_ID=com.fluke.deviceApp:id/login_name]
2018-04-23 06:26:48:832 - info: [debug] [AndroidBootstrap] [BOOTSTRAP LOG] [debug] Failed to locate element. Clearing Accessibility cache and retrying.
2018-04-23 06:26:48:833 - info: [debug] [AndroidBootstrap] [BOOTSTRAP LOG] [debug] Finding 'com.fluke.deviceApp:id/login_name' using 'ID' with the contextId: '' multiple: false
2018-04-23 06:26:48:833 - info: [debug] [AndroidBootstrap] [BOOTSTRAP LOG] [debug] Using: UiSelector[INSTANCE=0, RESOURCE_ID=com.fluke.deviceApp:id/login_name]
2018-04-23 06:26:48:836 - info: [debug] [AndroidBootstrap] [BOOTSTRAP LOG] [debug] Returning result: {"status":7,"value":"No element found"}
2018-04-23 06:26:48:837 - info: [debug] [AndroidBootstrap] Received command result from bootstrap
2018-04-23 06:26:48:837 - info: [debug] [BaseDriver] Waited for 14438 ms so far
2018-04-23 06:26:49:339 - info: [debug] [AndroidBootstrap] Sending command to android: {"cmd":"action","action":"find","params":{"strategy":"id","selector":"com.fluke.deviceApp:id/login_name","context":"","multiple":false}}
2018-04-23 06:26:49:722 - info: [debug] [AndroidBootstrap] [BOOTSTRAP LOG] [debug] Got data from client: {"cmd":"action","action":"find","params":{"strategy":"id","selector":"com.fluke.deviceApp:id/login_name","context":"","multiple":false}}
2018-04-23 06:26:49:723 - info: [debug] [AndroidBootstrap] [BOOTSTRAP LOG] [debug] Got command of type ACTION
2018-04-23 06:26:49:723 - info: [debug] [AndroidBootstrap] [BOOTSTRAP LOG] [debug] Got command action: find
2018-04-23 06:26:49:723 - info: [debug] [AndroidBootstrap] [BOOTSTRAP LOG] [debug] Finding 'com.fluke.deviceApp:id/login_name' using 'ID' with the contextId: '' multiple: false
2018-04-23 06:26:49:723 - info: [debug] [AndroidBootstrap] [BOOTSTRAP LOG] [debug] Using: UiSelector[INSTANCE=0, RESOURCE_ID=com.fluke.deviceApp:id/login_name]
2018-04-23 06:26:49:981 - info: [debug] [AndroidBootstrap] [BOOTSTRAP LOG] [debug] Failed to locate element. Clearing Accessibility cache and retrying.
2018-04-23 06:26:49:982 - info: [debug] [AndroidBootstrap] [BOOTSTRAP LOG] [debug] Finding 'com.fluke.deviceApp:id/login_name' using 'ID' with the contextId: '' multiple: false
2018-04-23 06:26:49:982 - info: [debug] [AndroidBootstrap] [BOOTSTRAP LOG] [debug] Using: UiSelector[INSTANCE=0, RESOURCE_ID=com.fluke.deviceApp:id/login_name]
2018-04-23 06:26:49:984 - info: [debug] [AndroidBootstrap] [BOOTSTRAP LOG] [debug] Returning result: {"status":7,"value":"No element found"}
2018-04-23 06:26:49:984 - info: [debug] [AndroidBootstrap] Received command result from bootstrap
2018-04-23 06:26:49:984 - info: [debug] [BaseDriver] Waited for 15585 ms so far
2018-04-23 06:26:50:486 - info: [debug] [AndroidBootstrap] Sending command to android: {"cmd":"action","action":"find","params":{"strategy":"id","selector":"com.fluke.deviceApp:id/login_name","context":"","multiple":false}}
2018-04-23 06:26:50:829 - info: [debug] [AndroidBootstrap] [BOOTSTRAP LOG] [debug] Got data from client: {"cmd":"action","action":"find","params":{"strategy":"id","selector":"com.fluke.deviceApp:id/login_name","context":"","multiple":false}}
2018-04-23 06:26:50:831 - info: [debug] [AndroidBootstrap] [BOOTSTRAP LOG] [debug] Got command of type ACTION
2018-04-23 06:26:50:831 - info: [debug] [AndroidBootstrap] [BOOTSTRAP LOG] [debug] Got command action: find
2018-04-23 06:26:50:831 - info: [debug] [AndroidBootstrap] [BOOTSTRAP LOG] [debug] Finding 'com.fluke.deviceApp:id/login_name' using 'ID' with the contextId: '' multiple: false
2018-04-23 06:26:50:831 - info: [debug] [AndroidBootstrap] [BOOTSTRAP LOG] [debug] Using: UiSelector[INSTANCE=0, RESOURCE_ID=com.fluke.deviceApp:id/login_name]
2018-04-23 06:26:50:856 - info: [debug] [AndroidBootstrap] [BOOTSTRAP LOG] [debug] Failed to locate element. Clearing Accessibility cache and retrying.
2018-04-23 06:26:50:856 - info: [debug] [AndroidBootstrap] [BOOTSTRAP LOG] [debug] Finding 'com.fluke.deviceApp:id/login_name' using 'ID' with the contextId: '' multiple: false
2018-04-23 06:26:50:856 - info: [debug] [AndroidBootstrap] [BOOTSTRAP LOG] [debug] Using: UiSelector[INSTANCE=0, RESOURCE_ID=com.fluke.deviceApp:id/login_name]
2018-04-23 06:26:50:876 - info: [debug] [AndroidBootstrap] [BOOTSTRAP LOG] [debug] Returning result: {"status":7,"value":"No element found"}
2018-04-23 06:26:50:877 - info: [debug] [AndroidBootstrap] Received command result from bootstrap
2018-04-23 06:26:50:877 - info: [debug] [BaseDriver] Waited for 16478 ms so far
2018-04-23 06:26:51:379 - info: [debug] [AndroidBootstrap] Sending command to android: {"cmd":"action","action":"find","params":{"strategy":"id","selector":"com.fluke.deviceApp:id/login_name","context":"","multiple":false}}
2018-04-23 06:26:51:522 - info: [debug] [AndroidBootstrap] [BOOTSTRAP LOG] [debug] Got data from client: {"cmd":"action","action":"find","params":{"strategy":"id","selector":"com.fluke.deviceApp:id/login_name","context":"","multiple":false}}
2018-04-23 06:26:51:524 - info: [debug] [AndroidBootstrap] [BOOTSTRAP LOG] [debug] Got command of type ACTION
2018-04-23 06:26:51:524 - info: [debug] [AndroidBootstrap] [BOOTSTRAP LOG] [debug] Got command action: find
2018-04-23 06:26:51:525 - info: [debug] [AndroidBootstrap] [BOOTSTRAP LOG] [debug] Finding 'com.fluke.deviceApp:id/login_name' using 'ID' with the contextId: '' multiple: false
2018-04-23 06:26:51:525 - info: [debug] [AndroidBootstrap] [BOOTSTRAP LOG] [debug] Using: UiSelector[INSTANCE=0, RESOURCE_ID=com.fluke.deviceApp:id/login_name]
2018-04-23 06:26:51:602 - info: [debug] [AndroidBootstrap] [BOOTSTRAP LOG] [debug] Failed to locate element. Clearing Accessibility cache and retrying.
2018-04-23 06:26:51:603 - info: [debug] [AndroidBootstrap] [BOOTSTRAP LOG] [debug] Finding 'com.fluke.deviceApp:id/login_name' using 'ID' with the contextId: '' multiple: false
2018-04-23 06:26:51:603 - info: [debug] [AndroidBootstrap] [BOOTSTRAP LOG] [debug] Using: UiSelector[INSTANCE=0, RESOURCE_ID=com.fluke.deviceApp:id/login_name]
2018-04-23 06:26:51:616 - info: [debug] [AndroidBootstrap] [BOOTSTRAP LOG] [debug] Returning result: {"status":7,"value":"No element found"}
2018-04-23 06:26:51:617 - info: [debug] [AndroidBootstrap] Received command result from bootstrap
2018-04-23 06:26:51:617 - info: [debug] [BaseDriver] Waited for 17218 ms so far
2018-04-23 06:26:52:117 - info: [debug] [AndroidBootstrap] Sending command to android: {"cmd":"action","action":"find","params":{"strategy":"id","selector":"com.fluke.deviceApp:id/login_name","context":"","multiple":false}}
2018-04-23 06:26:52:821 - info: [debug] [AndroidBootstrap] [BOOTSTRAP LOG] [debug] Got data from client: {"cmd":"action","action":"find","params":{"strategy":"id","selector":"com.fluke.deviceApp:id/login_name","context":"","multiple":false}}
2018-04-23 06:26:52:822 - info: [debug] [AndroidBootstrap] [BOOTSTRAP LOG] [debug] Got command of type ACTION
2018-04-23 06:26:52:823 - info: [debug] [AndroidBootstrap] [BOOTSTRAP LOG] [debug] Got command action: find
2018-04-23 06:26:52:823 - info: [debug] [AndroidBootstrap] [BOOTSTRAP LOG] [debug] Finding 'com.fluke.deviceApp:id/login_name' using 'ID' with the contextId: '' multiple: false
2018-04-23 06:26:52:823 - info: [debug] [AndroidBootstrap] [BOOTSTRAP LOG] [debug] Using: UiSelector[INSTANCE=0, RESOURCE_ID=com.fluke.deviceApp:id/login_name]
2018-04-23 06:26:52:847 - info: [debug] [AndroidBootstrap] [BOOTSTRAP LOG] [debug] Failed to locate element. Clearing Accessibility cache and retrying.
2018-04-23 06:26:52:848 - info: [debug] [AndroidBootstrap] [BOOTSTRAP LOG] [debug] Finding 'com.fluke.deviceApp:id/login_name' using 'ID' with the contextId: '' multiple: false
2018-04-23 06:26:52:849 - info: [debug] [AndroidBootstrap] [BOOTSTRAP LOG] [debug] Using: UiSelector[INSTANCE=0, RESOURCE_ID=com.fluke.deviceApp:id/login_name]
2018-04-23 06:26:52:853 - info: [debug] [AndroidBootstrap] [BOOTSTRAP LOG] [debug] Returning result: {"status":7,"value":"No element found"}
2018-04-23 06:26:52:854 - info: [debug] [AndroidBootstrap] Received command result from bootstrap
2018-04-23 06:26:52:854 - info: [debug] [BaseDriver] Waited for 18455 ms so far
2018-04-23 06:26:53:355 - info: [debug] [AndroidBootstrap] Sending command to android: {"cmd":"action","action":"find","params":{"strategy":"id","selector":"com.fluke.deviceApp:id/login_name","context":"","multiple":false}}
2018-04-23 06:26:54:820 - info: [debug] [AndroidBootstrap] [BOOTSTRAP LOG] [debug] Got data from client: {"cmd":"action","action":"find","params":{"strategy":"id","selector":"com.fluke.deviceApp:id/login_name","context":"","multiple":false}}
2018-04-23 06:26:54:820 - info: [debug] [AndroidBootstrap] [BOOTSTRAP LOG] [debug] Got command of type ACTION
2018-04-23 06:26:54:820 - info: [debug] [AndroidBootstrap] [BOOTSTRAP LOG] [debug] Got command action: find
2018-04-23 06:26:54:820 - info: [debug] [AndroidBootstrap] [BOOTSTRAP LOG] [debug] Finding 'com.fluke.deviceApp:id/login_name' using 'ID' with the contextId: '' multiple: false
2018-04-23 06:26:54:821 - info: [debug] [AndroidBootstrap] [BOOTSTRAP LOG] [debug] Using: UiSelector[INSTANCE=0, RESOURCE_ID=com.fluke.deviceApp:id/login_name]
2018-04-23 06:26:55:255 - info: [debug] [AndroidBootstrap] [BOOTSTRAP LOG] [debug] Failed to locate element. Clearing Accessibility cache and retrying.
2018-04-23 06:26:55:256 - info: [debug] [AndroidBootstrap] [BOOTSTRAP LOG] [debug] Finding 'com.fluke.deviceApp:id/login_name' using 'ID' with the contextId: '' multiple: false
2018-04-23 06:26:55:257 - info: [debug] [AndroidBootstrap] [BOOTSTRAP LOG] [debug] Using: UiSelector[INSTANCE=0, RESOURCE_ID=com.fluke.deviceApp:id/login_name]
2018-04-23 06:26:55:268 - info: [debug] [AndroidBootstrap] [BOOTSTRAP LOG] [debug] Returning result: {"status":7,"value":"No element found"}
2018-04-23 06:26:55:269 - info: [debug] [AndroidBootstrap] Received command result from bootstrap
2018-04-23 06:26:55:278 - info: [HTTP] <-- POST /wd/hub/session/b1840bcc-7089-438e-b5a6-73d77847ff12/element 500 20880 ms - 164 
